<?xml version="1.0" encoding="UTF-8"?>
<testng-results ignored="0" total="1" passed="1" failed="0" skipped="0">
  <reporter-output>
  </reporter-output>
  <suite started-at="2026-04-03T15:46:38 IST" name="Surefire suite" finished-at="2026-04-03T15:47:02 IST" duration-ms="23356">
    <groups>
    </groups>
    <test started-at="2026-04-03T15:46:38 IST" name="Surefire test" finished-at="2026-04-03T15:47:02 IST" duration-ms="23356">
      <class name="com.base.BaseTest">
        <test-method is-config="true" signature="setup()[pri:0, instance:com.base.BaseTest@3eb7fc54]" started-at="2026-04-03T15:46:38 IST" name="setup" finished-at="2026-04-03T15:46:53 IST" duration-ms="14693" status="PASS">
          <reporter-output>
          </reporter-output>
        </test-method> <!-- setup -->
        <test-method signature="makePartnersOffline()[pri:1, instance:com.base.BaseTest@3eb7fc54]" started-at="2026-04-03T15:46:53 IST" name="makePartnersOffline" finished-at="2026-04-03T15:47:00 IST" duration-ms="6562" status="PASS">
          <reporter-output>
          </reporter-output>
        </test-method> <!-- makePartnersOffline -->
        <test-method is-config="true" signature="teardown()[pri:0, instance:com.base.BaseTest@3eb7fc54]" started-at="2026-04-03T15:47:00 IST" name="teardown" finished-at="2026-04-03T15:47:02 IST" duration-ms="1947" status="PASS">
          <reporter-output>
          </reporter-output>
        </test-method> <!-- teardown -->
      </class> <!-- com.base.BaseTest -->
    </test> <!-- Surefire test -->
  </suite> <!-- Surefire suite -->
</testng-results>
