<?xml version="1.0" encoding="UTF-8"?>
<testng-results ignored="0" total="1" passed="1" failed="0" skipped="0">
  <reporter-output>
  </reporter-output>
  <suite started-at="2026-04-03T16:06:28 IST" name="Surefire suite" finished-at="2026-04-03T16:06:41 IST" duration-ms="13112">
    <groups>
    </groups>
    <test started-at="2026-04-03T16:06:28 IST" name="Surefire test" finished-at="2026-04-03T16:06:41 IST" duration-ms="13112">
      <class name="com.base.BaseTest">
        <test-method is-config="true" signature="setup()[pri:0, instance:com.base.BaseTest@cd3fee8]" started-at="2026-04-03T16:06:28 IST" name="setup" finished-at="2026-04-03T16:06:38 IST" duration-ms="9762" status="PASS">
          <reporter-output>
          </reporter-output>
        </test-method> <!-- setup -->
        <test-method signature="makePartnersOffline()[pri:0, instance:com.base.BaseTest@cd3fee8]" started-at="2026-04-03T16:06:38 IST" name="makePartnersOffline" finished-at="2026-04-03T16:06:41 IST" duration-ms="2936" status="PASS">
          <reporter-output>
          </reporter-output>
        </test-method> <!-- makePartnersOffline -->
        <test-method is-config="true" signature="teardown()[pri:0, instance:com.base.BaseTest@cd3fee8]" started-at="2026-04-03T16:06:41 IST" name="teardown" finished-at="2026-04-03T16:06:41 IST" duration-ms="368" status="PASS">
          <reporter-output>
          </reporter-output>
        </test-method> <!-- teardown -->
      </class> <!-- com.base.BaseTest -->
    </test> <!-- Surefire test -->
  </suite> <!-- Surefire suite -->
</testng-results>
